<?xml version="1.0" encoding="UTF-8"?>
<!-- Generated by org.testng.reporters.JUnitReportReporter -->
<testsuite hostname="DESKTOP-97TI65V" name="Runner.RunCuke" tests="2" failures="0" timestamp="22 Jul 2018 06:14:48 GMT" time="0.214" errors="0">
  <testcase name="feature" time="0.022" classname="Runner.RunCuke"/>
  <testcase name="feature" time="0.192" classname="Runner.RunCuke"/>
</testsuite> <!-- Runner.RunCuke -->
