<?xml version="1.0" encoding="UTF-8"?>
<!-- Generated by org.testng.reporters.JUnitReportReporter -->
<testsuite hostname="DESKTOP-97TI65V" name="Runner.RunCukeExtent" tests="1" failures="0" timestamp="14 Aug 2018 03:55:28 GMT" time="44.939" errors="0">
  <testcase name="feature" time="44.939" classname="Runner.RunCukeExtent"/>
</testsuite> <!-- Runner.RunCukeExtent -->
